<html>
<head>
<title>TestNG:  Default test</title>
<link href="../testng.css" rel="stylesheet" type="text/css" />
<link href="../my-testng.css" rel="stylesheet" type="text/css" />

<style type="text/css">
.log { display: none;} 
.stack-trace { display: none;} 
</style>
<script type="text/javascript">
<!--
function flip(e) {
  current = e.style.display;
  if (current == 'block') {
    e.style.display = 'none';
    return 0;
  }
  else {
    e.style.display = 'block';
    return 1;
  }
}

function toggleBox(szDivId, elem, msg1, msg2)
{
  var res = -1;  if (document.getElementById) {
    res = flip(document.getElementById(szDivId));
  }
  else if (document.all) {
    // this is the way old msie versions work
    res = flip(document.all[szDivId]);
  }
  if(elem) {
    if(res == 0) elem.innerHTML = msg1; else elem.innerHTML = msg2;
  }

}

function toggleAllBoxes() {
  if (document.getElementsByTagName) {
    d = document.getElementsByTagName('div');
    for (i = 0; i < d.length; i++) {
      if (d[i].className == 'log') {
        flip(d[i]);
      }
    }
  }
}

// -->
</script>

</head>
<body>
<h2 align='center'>Default test</h2><table border='1' align="center">
<tr>
<td>Tests passed/Failed/Skipped:</td><td>0/0/28</td>
</tr><tr>
<td>Started on:</td><td>Tue Jan 16 20:14:05 IST 2018</td>
</tr>
<tr><td>Total time:</td><td>0 seconds (232 ms)</td>
</tr><tr>
<td>Included groups:</td><td></td>
</tr><tr>
<td>Excluded groups:</td><td></td>
</tr>
</table><p/>
<small><i>(Hover the method name to see the test class name)</i></small><p/>
<table width='100%' border='1' class='invocation-failed'>
<tr><td colspan='4' align='center'><b>FAILED CONFIGURATIONS</b></td></tr>
<tr><td><b>Test method</b></td>
<td width="30%"><b>Exception</b></td>
<td width="10%"><b>Time (seconds)</b></td>
<td><b>Instance</b></td>
</tr>
<tr>
<td title='com.myTests.web.WebTestLinksWork.setUp()'><b>setUp</b><br>Test class: com.myTests.web.WebTestLinksWork</td>
<td><div><pre>org.testng.TestNGException: 
Parameter &apos;isGrid&apos; is required by @Configuration on method setUp but has not been marked @Optional or defined
in C:\Users\ido.shoshani\AppData\Local\Temp\testng-eclipse--1125301313\testng-customsuite.xml
	at org.testng.internal.Parameters.createParameters(Parameters.java:154)
	at org.testng.internal.Parameters.createParameters(Parameters.java:361)
	at org.testng.internal.Parameters.createConfigurationParameters(Parameters.java:84)
	at org.testng.internal.Invoker.invokeConfigurations(Invoker.java:201)
	at org.testng.internal.Invoker.invokeMethod(Invoker.java:589)
	at org.testng.internal.Invoker.invokeTestMethod(Invoker.java:820)
	at org.testng.internal.Invoker.invokeTestMethods(Invoker.java:1128)
	at org.testng.internal.TestMethodWorker.invokeTestMethods(TestMethodWorker.java:129)
	at org.testng.internal.TestMethodWorker.run(TestMethodWorker.java:112)
	at org.testng.TestRunner.privateRun(TestRunner.java:782)
	at org.testng.TestRunner.run(TestRunner.java:632)
	at org.testng.SuiteRunner.runTest(SuiteRunner.java:366)
	at org.testng.SuiteRunner.runSequentially(SuiteRunner.java:361)
	at org.testng.SuiteRunner.privateRun(SuiteRunner.java:319)
	at org.testng.SuiteRunner.run(SuiteRunner.java:268)
	at org.testng.SuiteRunnerWorker.runSuite(SuiteRunnerWorker.java:52)
	at org.testng.SuiteRunnerWorker.run(SuiteRunnerWorker.java:86)
	at org.testng.TestNG.runSuitesSequentially(TestNG.java:1244)
	at org.testng.TestNG.runSuitesLocally(TestNG.java:1169)
	at org.testng.TestNG.run(TestNG.java:1064)
	at org.testng.remote.AbstractRemoteTestNG.run(AbstractRemoteTestNG.java:114)
	at org.testng.remote.RemoteTestNG.initAndRun(RemoteTestNG.java:251)
	at org.testng.remote.RemoteTestNG.main(RemoteTestNG.java:77)
</pre></div><a href='#' onClick='toggleBox("stack-trace30989146", this, "Click to show all stack frames", "Click to hide stack frames")'>Click to show all stack frames</a>
<div class='stack-trace' id='stack-trace30989146'><pre>org.testng.TestNGException: 
Parameter &apos;isGrid&apos; is required by @Configuration on method setUp but has not been marked @Optional or defined
in C:\Users\ido.shoshani\AppData\Local\Temp\testng-eclipse--1125301313\testng-customsuite.xml
	at org.testng.internal.Parameters.createParameters(Parameters.java:154)
	at org.testng.internal.Parameters.createParameters(Parameters.java:361)
	at org.testng.internal.Parameters.createConfigurationParameters(Parameters.java:84)
	at org.testng.internal.Invoker.invokeConfigurations(Invoker.java:201)
	at org.testng.internal.Invoker.invokeMethod(Invoker.java:589)
	at org.testng.internal.Invoker.invokeTestMethod(Invoker.java:820)
	at org.testng.internal.Invoker.invokeTestMethods(Invoker.java:1128)
	at org.testng.internal.TestMethodWorker.invokeTestMethods(TestMethodWorker.java:129)
	at org.testng.internal.TestMethodWorker.run(TestMethodWorker.java:112)
	at org.testng.TestRunner.privateRun(TestRunner.java:782)
	at org.testng.TestRunner.run(TestRunner.java:632)
	at org.testng.SuiteRunner.runTest(SuiteRunner.java:366)
	at org.testng.SuiteRunner.runSequentially(SuiteRunner.java:361)
	at org.testng.SuiteRunner.privateRun(SuiteRunner.java:319)
	at org.testng.SuiteRunner.run(SuiteRunner.java:268)
	at org.testng.SuiteRunnerWorker.runSuite(SuiteRunnerWorker.java:52)
	at org.testng.SuiteRunnerWorker.run(SuiteRunnerWorker.java:86)
	at org.testng.TestNG.runSuitesSequentially(TestNG.java:1244)
	at org.testng.TestNG.runSuitesLocally(TestNG.java:1169)
	at org.testng.TestNG.run(TestNG.java:1064)
	at org.testng.remote.AbstractRemoteTestNG.run(AbstractRemoteTestNG.java:114)
	at org.testng.remote.RemoteTestNG.initAndRun(RemoteTestNG.java:251)
	at org.testng.remote.RemoteTestNG.main(RemoteTestNG.java:77)
</pre></div></td>
<td>0</td>
<td>com.myTests.web.WebTestLinksWork@38ae61</td></tr>
<tr>
<td title='com.myTests.eribank.NativeTestWorkFlow.setUp()'><b>setUp</b><br>Test class: com.myTests.eribank.NativeTestWorkFlow</td>
<td><div><pre>org.testng.TestNGException: 
Parameter &apos;isGrid&apos; is required by @Configuration on method setUp but has not been marked @Optional or defined
in C:\Users\ido.shoshani\AppData\Local\Temp\testng-eclipse--1125301313\testng-customsuite.xml
	at org.testng.internal.Parameters.createParameters(Parameters.java:154)
	at org.testng.internal.Parameters.createParameters(Parameters.java:361)
	at org.testng.internal.Parameters.createConfigurationParameters(Parameters.java:84)
	at org.testng.internal.Invoker.invokeConfigurations(Invoker.java:201)
	at org.testng.internal.Invoker.invokeMethod(Invoker.java:589)
	at org.testng.internal.Invoker.invokeTestMethod(Invoker.java:820)
	at org.testng.internal.Invoker.invokeTestMethods(Invoker.java:1128)
	at org.testng.internal.TestMethodWorker.invokeTestMethods(TestMethodWorker.java:129)
	at org.testng.internal.TestMethodWorker.run(TestMethodWorker.java:112)
	at org.testng.TestRunner.privateRun(TestRunner.java:782)
	at org.testng.TestRunner.run(TestRunner.java:632)
	at org.testng.SuiteRunner.runTest(SuiteRunner.java:366)
	at org.testng.SuiteRunner.runSequentially(SuiteRunner.java:361)
	at org.testng.SuiteRunner.privateRun(SuiteRunner.java:319)
	at org.testng.SuiteRunner.run(SuiteRunner.java:268)
	at org.testng.SuiteRunnerWorker.runSuite(SuiteRunnerWorker.java:52)
	at org.testng.SuiteRunnerWorker.run(SuiteRunnerWorker.java:86)
	at org.testng.TestNG.runSuitesSequentially(TestNG.java:1244)
	at org.testng.TestNG.runSuitesLocally(TestNG.java:1169)
	at org.testng.TestNG.run(TestNG.java:1064)
	at org.testng.remote.AbstractRemoteTestNG.run(AbstractRemoteTestNG.java:114)
	at org.testng.remote.RemoteTestNG.initAndRun(RemoteTestNG.java:251)
	at org.testng.remote.RemoteTestNG.main(RemoteTestNG.java:77)
</pre></div><a href='#' onClick='toggleBox("stack-trace8350604", this, "Click to show all stack frames", "Click to hide stack frames")'>Click to show all stack frames</a>
<div class='stack-trace' id='stack-trace8350604'><pre>org.testng.TestNGException: 
Parameter &apos;isGrid&apos; is required by @Configuration on method setUp but has not been marked @Optional or defined
in C:\Users\ido.shoshani\AppData\Local\Temp\testng-eclipse--1125301313\testng-customsuite.xml
	at org.testng.internal.Parameters.createParameters(Parameters.java:154)
	at org.testng.internal.Parameters.createParameters(Parameters.java:361)
	at org.testng.internal.Parameters.createConfigurationParameters(Parameters.java:84)
	at org.testng.internal.Invoker.invokeConfigurations(Invoker.java:201)
	at org.testng.internal.Invoker.invokeMethod(Invoker.java:589)
	at org.testng.internal.Invoker.invokeTestMethod(Invoker.java:820)
	at org.testng.internal.Invoker.invokeTestMethods(Invoker.java:1128)
	at org.testng.internal.TestMethodWorker.invokeTestMethods(TestMethodWorker.java:129)
	at org.testng.internal.TestMethodWorker.run(TestMethodWorker.java:112)
	at org.testng.TestRunner.privateRun(TestRunner.java:782)
	at org.testng.TestRunner.run(TestRunner.java:632)
	at org.testng.SuiteRunner.runTest(SuiteRunner.java:366)
	at org.testng.SuiteRunner.runSequentially(SuiteRunner.java:361)
	at org.testng.SuiteRunner.privateRun(SuiteRunner.java:319)
	at org.testng.SuiteRunner.run(SuiteRunner.java:268)
	at org.testng.SuiteRunnerWorker.runSuite(SuiteRunnerWorker.java:52)
	at org.testng.SuiteRunnerWorker.run(SuiteRunnerWorker.java:86)
	at org.testng.TestNG.runSuitesSequentially(TestNG.java:1244)
	at org.testng.TestNG.runSuitesLocally(TestNG.java:1169)
	at org.testng.TestNG.run(TestNG.java:1064)
	at org.testng.remote.AbstractRemoteTestNG.run(AbstractRemoteTestNG.java:114)
	at org.testng.remote.RemoteTestNG.initAndRun(RemoteTestNG.java:251)
	at org.testng.remote.RemoteTestNG.main(RemoteTestNG.java:77)
</pre></div></td>
<td>0</td>
<td>com.myTests.eribank.NativeTestWorkFlow@f93f1</td></tr>
<tr>
<td title='com.myTests.calculator.CalculatorFlow.setUp()'><b>setUp</b><br>Test class: com.myTests.calculator.CalculatorFlow</td>
<td><div><pre>org.testng.TestNGException: 
Parameter &apos;isGrid&apos; is required by @Configuration on method setUp but has not been marked @Optional or defined
in C:\Users\ido.shoshani\AppData\Local\Temp\testng-eclipse--1125301313\testng-customsuite.xml
	at org.testng.internal.Parameters.createParameters(Parameters.java:154)
	at org.testng.internal.Parameters.createParameters(Parameters.java:361)
	at org.testng.internal.Parameters.createConfigurationParameters(Parameters.java:84)
	at org.testng.internal.Invoker.invokeConfigurations(Invoker.java:201)
	at org.testng.internal.Invoker.invokeMethod(Invoker.java:589)
	at org.testng.internal.Invoker.invokeTestMethod(Invoker.java:820)
	at org.testng.internal.Invoker.invokeTestMethods(Invoker.java:1128)
	at org.testng.internal.TestMethodWorker.invokeTestMethods(TestMethodWorker.java:129)
	at org.testng.internal.TestMethodWorker.run(TestMethodWorker.java:112)
	at org.testng.TestRunner.privateRun(TestRunner.java:782)
	at org.testng.TestRunner.run(TestRunner.java:632)
	at org.testng.SuiteRunner.runTest(SuiteRunner.java:366)
	at org.testng.SuiteRunner.runSequentially(SuiteRunner.java:361)
	at org.testng.SuiteRunner.privateRun(SuiteRunner.java:319)
	at org.testng.SuiteRunner.run(SuiteRunner.java:268)
	at org.testng.SuiteRunnerWorker.runSuite(SuiteRunnerWorker.java:52)
	at org.testng.SuiteRunnerWorker.run(SuiteRunnerWorker.java:86)
	at org.testng.TestNG.runSuitesSequentially(TestNG.java:1244)
	at org.testng.TestNG.runSuitesLocally(TestNG.java:1169)
	at org.testng.TestNG.run(TestNG.java:1064)
	at org.testng.remote.AbstractRemoteTestNG.run(AbstractRemoteTestNG.java:114)
	at org.testng.remote.RemoteTestNG.initAndRun(RemoteTestNG.java:251)
	at org.testng.remote.RemoteTestNG.main(RemoteTestNG.java:77)
</pre></div><a href='#' onClick='toggleBox("stack-trace16333464", this, "Click to show all stack frames", "Click to hide stack frames")'>Click to show all stack frames</a>
<div class='stack-trace' id='stack-trace16333464'><pre>org.testng.TestNGException: 
Parameter &apos;isGrid&apos; is required by @Configuration on method setUp but has not been marked @Optional or defined
in C:\Users\ido.shoshani\AppData\Local\Temp\testng-eclipse--1125301313\testng-customsuite.xml
	at org.testng.internal.Parameters.createParameters(Parameters.java:154)
	at org.testng.internal.Parameters.createParameters(Parameters.java:361)
	at org.testng.internal.Parameters.createConfigurationParameters(Parameters.java:84)
	at org.testng.internal.Invoker.invokeConfigurations(Invoker.java:201)
	at org.testng.internal.Invoker.invokeMethod(Invoker.java:589)
	at org.testng.internal.Invoker.invokeTestMethod(Invoker.java:820)
	at org.testng.internal.Invoker.invokeTestMethods(Invoker.java:1128)
	at org.testng.internal.TestMethodWorker.invokeTestMethods(TestMethodWorker.java:129)
	at org.testng.internal.TestMethodWorker.run(TestMethodWorker.java:112)
	at org.testng.TestRunner.privateRun(TestRunner.java:782)
	at org.testng.TestRunner.run(TestRunner.java:632)
	at org.testng.SuiteRunner.runTest(SuiteRunner.java:366)
	at org.testng.SuiteRunner.runSequentially(SuiteRunner.java:361)
	at org.testng.SuiteRunner.privateRun(SuiteRunner.java:319)
	at org.testng.SuiteRunner.run(SuiteRunner.java:268)
	at org.testng.SuiteRunnerWorker.runSuite(SuiteRunnerWorker.java:52)
	at org.testng.SuiteRunnerWorker.run(SuiteRunnerWorker.java:86)
	at org.testng.TestNG.runSuitesSequentially(TestNG.java:1244)
	at org.testng.TestNG.runSuitesLocally(TestNG.java:1169)
	at org.testng.TestNG.run(TestNG.java:1064)
	at org.testng.remote.AbstractRemoteTestNG.run(AbstractRemoteTestNG.java:114)
	at org.testng.remote.RemoteTestNG.initAndRun(RemoteTestNG.java:251)
	at org.testng.remote.RemoteTestNG.main(RemoteTestNG.java:77)
</pre></div></td>
<td>0</td>
<td>com.myTests.calculator.CalculatorFlow@4fe44c</td></tr>
<tr>
<td title='com.myTests.myApplication.MyApplicationLogin.setUp()'><b>setUp</b><br>Test class: com.myTests.myApplication.MyApplicationLogin</td>
<td><div><pre>org.testng.TestNGException: 
Parameter &apos;isGrid&apos; is required by @Configuration on method setUp but has not been marked @Optional or defined
in C:\Users\ido.shoshani\AppData\Local\Temp\testng-eclipse--1125301313\testng-customsuite.xml
	at org.testng.internal.Parameters.createParameters(Parameters.java:154)
	at org.testng.internal.Parameters.createParameters(Parameters.java:361)
	at org.testng.internal.Parameters.createConfigurationParameters(Parameters.java:84)
	at org.testng.internal.Invoker.invokeConfigurations(Invoker.java:201)
	at org.testng.internal.Invoker.invokeMethod(Invoker.java:589)
	at org.testng.internal.Invoker.invokeTestMethod(Invoker.java:820)
	at org.testng.internal.Invoker.invokeTestMethods(Invoker.java:1128)
	at org.testng.internal.TestMethodWorker.invokeTestMethods(TestMethodWorker.java:129)
	at org.testng.internal.TestMethodWorker.run(TestMethodWorker.java:112)
	at org.testng.TestRunner.privateRun(TestRunner.java:782)
	at org.testng.TestRunner.run(TestRunner.java:632)
	at org.testng.SuiteRunner.runTest(SuiteRunner.java:366)
	at org.testng.SuiteRunner.runSequentially(SuiteRunner.java:361)
	at org.testng.SuiteRunner.privateRun(SuiteRunner.java:319)
	at org.testng.SuiteRunner.run(SuiteRunner.java:268)
	at org.testng.SuiteRunnerWorker.runSuite(SuiteRunnerWorker.java:52)
	at org.testng.SuiteRunnerWorker.run(SuiteRunnerWorker.java:86)
	at org.testng.TestNG.runSuitesSequentially(TestNG.java:1244)
	at org.testng.TestNG.runSuitesLocally(TestNG.java:1169)
	at org.testng.TestNG.run(TestNG.java:1064)
	at org.testng.remote.AbstractRemoteTestNG.run(AbstractRemoteTestNG.java:114)
	at org.testng.remote.RemoteTestNG.initAndRun(RemoteTestNG.java:251)
	at org.testng.remote.RemoteTestNG.main(RemoteTestNG.java:77)
</pre></div><a href='#' onClick='toggleBox("stack-trace30610549", this, "Click to show all stack frames", "Click to hide stack frames")'>Click to show all stack frames</a>
<div class='stack-trace' id='stack-trace30610549'><pre>org.testng.TestNGException: 
Parameter &apos;isGrid&apos; is required by @Configuration on method setUp but has not been marked @Optional or defined
in C:\Users\ido.shoshani\AppData\Local\Temp\testng-eclipse--1125301313\testng-customsuite.xml
	at org.testng.internal.Parameters.createParameters(Parameters.java:154)
	at org.testng.internal.Parameters.createParameters(Parameters.java:361)
	at org.testng.internal.Parameters.createConfigurationParameters(Parameters.java:84)
	at org.testng.internal.Invoker.invokeConfigurations(Invoker.java:201)
	at org.testng.internal.Invoker.invokeMethod(Invoker.java:589)
	at org.testng.internal.Invoker.invokeTestMethod(Invoker.java:820)
	at org.testng.internal.Invoker.invokeTestMethods(Invoker.java:1128)
	at org.testng.internal.TestMethodWorker.invokeTestMethods(TestMethodWorker.java:129)
	at org.testng.internal.TestMethodWorker.run(TestMethodWorker.java:112)
	at org.testng.TestRunner.privateRun(TestRunner.java:782)
	at org.testng.TestRunner.run(TestRunner.java:632)
	at org.testng.SuiteRunner.runTest(SuiteRunner.java:366)
	at org.testng.SuiteRunner.runSequentially(SuiteRunner.java:361)
	at org.testng.SuiteRunner.privateRun(SuiteRunner.java:319)
	at org.testng.SuiteRunner.run(SuiteRunner.java:268)
	at org.testng.SuiteRunnerWorker.runSuite(SuiteRunnerWorker.java:52)
	at org.testng.SuiteRunnerWorker.run(SuiteRunnerWorker.java:86)
	at org.testng.TestNG.runSuitesSequentially(TestNG.java:1244)
	at org.testng.TestNG.runSuitesLocally(TestNG.java:1169)
	at org.testng.TestNG.run(TestNG.java:1064)
	at org.testng.remote.AbstractRemoteTestNG.run(AbstractRemoteTestNG.java:114)
	at org.testng.remote.RemoteTestNG.initAndRun(RemoteTestNG.java:251)
	at org.testng.remote.RemoteTestNG.main(RemoteTestNG.java:77)
</pre></div></td>
<td>0</td>
<td>com.myTests.myApplication.MyApplicationLogin@1610302</td></tr>
<tr>
<td title='com.myTests.appstore.AppStoreTest.setUp()'><b>setUp</b><br>Test class: com.myTests.appstore.AppStoreTest</td>
<td><div><pre>org.testng.TestNGException: 
Parameter &apos;isGrid&apos; is required by @Configuration on method setUp but has not been marked @Optional or defined
in C:\Users\ido.shoshani\AppData\Local\Temp\testng-eclipse--1125301313\testng-customsuite.xml
	at org.testng.internal.Parameters.createParameters(Parameters.java:154)
	at org.testng.internal.Parameters.createParameters(Parameters.java:361)
	at org.testng.internal.Parameters.createConfigurationParameters(Parameters.java:84)
	at org.testng.internal.Invoker.invokeConfigurations(Invoker.java:201)
	at org.testng.internal.Invoker.invokeMethod(Invoker.java:589)
	at org.testng.internal.Invoker.invokeTestMethod(Invoker.java:820)
	at org.testng.internal.Invoker.invokeTestMethods(Invoker.java:1128)
	at org.testng.internal.TestMethodWorker.invokeTestMethods(TestMethodWorker.java:129)
	at org.testng.internal.TestMethodWorker.run(TestMethodWorker.java:112)
	at org.testng.TestRunner.privateRun(TestRunner.java:782)
	at org.testng.TestRunner.run(TestRunner.java:632)
	at org.testng.SuiteRunner.runTest(SuiteRunner.java:366)
	at org.testng.SuiteRunner.runSequentially(SuiteRunner.java:361)
	at org.testng.SuiteRunner.privateRun(SuiteRunner.java:319)
	at org.testng.SuiteRunner.run(SuiteRunner.java:268)
	at org.testng.SuiteRunnerWorker.runSuite(SuiteRunnerWorker.java:52)
	at org.testng.SuiteRunnerWorker.run(SuiteRunnerWorker.java:86)
	at org.testng.TestNG.runSuitesSequentially(TestNG.java:1244)
	at org.testng.TestNG.runSuitesLocally(TestNG.java:1169)
	at org.testng.TestNG.run(TestNG.java:1064)
	at org.testng.remote.AbstractRemoteTestNG.run(AbstractRemoteTestNG.java:114)
	at org.testng.remote.RemoteTestNG.initAndRun(RemoteTestNG.java:251)
	at org.testng.remote.RemoteTestNG.main(RemoteTestNG.java:77)
</pre></div><a href='#' onClick='toggleBox("stack-trace12356277", this, "Click to show all stack frames", "Click to hide stack frames")'>Click to show all stack frames</a>
<div class='stack-trace' id='stack-trace12356277'><pre>org.testng.TestNGException: 
Parameter &apos;isGrid&apos; is required by @Configuration on method setUp but has not been marked @Optional or defined
in C:\Users\ido.shoshani\AppData\Local\Temp\testng-eclipse--1125301313\testng-customsuite.xml
	at org.testng.internal.Parameters.createParameters(Parameters.java:154)
	at org.testng.internal.Parameters.createParameters(Parameters.java:361)
	at org.testng.internal.Parameters.createConfigurationParameters(Parameters.java:84)
	at org.testng.internal.Invoker.invokeConfigurations(Invoker.java:201)
	at org.testng.internal.Invoker.invokeMethod(Invoker.java:589)
	at org.testng.internal.Invoker.invokeTestMethod(Invoker.java:820)
	at org.testng.internal.Invoker.invokeTestMethods(Invoker.java:1128)
	at org.testng.internal.TestMethodWorker.invokeTestMethods(TestMethodWorker.java:129)
	at org.testng.internal.TestMethodWorker.run(TestMethodWorker.java:112)
	at org.testng.TestRunner.privateRun(TestRunner.java:782)
	at org.testng.TestRunner.run(TestRunner.java:632)
	at org.testng.SuiteRunner.runTest(SuiteRunner.java:366)
	at org.testng.SuiteRunner.runSequentially(SuiteRunner.java:361)
	at org.testng.SuiteRunner.privateRun(SuiteRunner.java:319)
	at org.testng.SuiteRunner.run(SuiteRunner.java:268)
	at org.testng.SuiteRunnerWorker.runSuite(SuiteRunnerWorker.java:52)
	at org.testng.SuiteRunnerWorker.run(SuiteRunnerWorker.java:86)
	at org.testng.TestNG.runSuitesSequentially(TestNG.java:1244)
	at org.testng.TestNG.runSuitesLocally(TestNG.java:1169)
	at org.testng.TestNG.run(TestNG.java:1064)
	at org.testng.remote.AbstractRemoteTestNG.run(AbstractRemoteTestNG.java:114)
	at org.testng.remote.RemoteTestNG.initAndRun(RemoteTestNG.java:251)
	at org.testng.remote.RemoteTestNG.main(RemoteTestNG.java:77)
</pre></div></td>
<td>0</td>
<td>com.myTests.appstore.AppStoreTest@10736d9</td></tr>
</table><p>
<table width='100%' border='1' class='invocation-skipped'>
<tr><td colspan='4' align='center'><b>SKIPPED CONFIGURATIONS</b></td></tr>
<tr><td><b>Test method</b></td>
<td width="30%"><b>Exception</b></td>
<td width="10%"><b>Time (seconds)</b></td>
<td><b>Instance</b></td>
</tr>
<tr>
<td title='com.myTests.web.WebTestLinksWork.setUp()'><b>setUp</b><br>Test class: com.myTests.web.WebTestLinksWork</td>
<td></td>
<td>0</td>
<td>com.myTests.web.WebTestLinksWork@38ae61</td></tr>
<tr>
<td title='com.myTests.eribank.NativeTestWorkFlow.setUp()'><b>setUp</b><br>Test class: com.myTests.eribank.NativeTestWorkFlow</td>
<td></td>
<td>0</td>
<td>com.myTests.eribank.NativeTestWorkFlow@f93f1</td></tr>
<tr>
<td title='com.myTests.calculator.CalculatorFlow.setUp()'><b>setUp</b><br>Test class: com.myTests.calculator.CalculatorFlow</td>
<td></td>
<td>0</td>
<td>com.myTests.calculator.CalculatorFlow@4fe44c</td></tr>
<tr>
<td title='com.myTests.myApplication.MyApplicationLogin.setUp()'><b>setUp</b><br>Test class: com.myTests.myApplication.MyApplicationLogin</td>
<td></td>
<td>0</td>
<td>com.myTests.myApplication.MyApplicationLogin@1610302</td></tr>
<tr>
<td title='com.myTests.calculator.CalculatorField.setUp()'><b>setUp</b><br>Test class: com.myTests.calculator.CalculatorField</td>
<td></td>
<td>0</td>
<td>com.myTests.calculator.CalculatorField@1c6f14e</td></tr>
<tr>
<td title='com.myTests.calculator.CalculatorField.setUp()'><b>setUp</b><br>Test class: com.myTests.calculator.CalculatorField</td>
<td></td>
<td>0</td>
<td>com.myTests.calculator.CalculatorField@1c6f14e</td></tr>
<tr>
<td title='com.myTests.eribank.NativeTestLogin.setUp()'><b>setUp</b><br>Test class: com.myTests.eribank.NativeTestLogin</td>
<td></td>
<td>0</td>
<td>com.myTests.eribank.NativeTestLogin@1753b6d</td></tr>
<tr>
<td title='com.myTests.eribank.NativeTestLogin.setUp()'><b>setUp</b><br>Test class: com.myTests.eribank.NativeTestLogin</td>
<td></td>
<td>0</td>
<td>com.myTests.eribank.NativeTestLogin@1753b6d</td></tr>
<tr>
<td title='com.myTests.web.WebTestMenuExists.setUp()'><b>setUp</b><br>Test class: com.myTests.web.WebTestMenuExists</td>
<td></td>
<td>0</td>
<td>com.myTests.web.WebTestMenuExists@1dc339b</td></tr>
<tr>
<td title='com.myTests.web.WebTestMenuExists.setUp()'><b>setUp</b><br>Test class: com.myTests.web.WebTestMenuExists</td>
<td></td>
<td>0</td>
<td>com.myTests.web.WebTestMenuExists@1dc339b</td></tr>
<tr>
<td title='com.myTests.myApplication.NativeTest2.setUp()'><b>setUp</b><br>Test class: com.myTests.myApplication.NativeTest2</td>
<td></td>
<td>0</td>
<td>com.myTests.myApplication.NativeTest2@1318ec4</td></tr>
<tr>
<td title='com.myTests.web.WebTest1.setUp()'><b>setUp</b><br>Test class: com.myTests.web.WebTest1</td>
<td></td>
<td>0</td>
<td>com.myTests.web.WebTest1@32be31</td></tr>
<tr>
<td title='com.myTests.appstore.AppStoreDownload.setUp()'><b>setUp</b><br>Test class: com.myTests.appstore.AppStoreDownload</td>
<td></td>
<td>0</td>
<td>com.myTests.appstore.AppStoreDownload@1213b92</td></tr>
<tr>
<td title='com.myTests.appstore.AppStoreDownload.setUp()'><b>setUp</b><br>Test class: com.myTests.appstore.AppStoreDownload</td>
<td></td>
<td>0</td>
<td>com.myTests.appstore.AppStoreDownload@1213b92</td></tr>
<tr>
<td title='com.myTests.myApplication.MyApplicationGame.setUp()'><b>setUp</b><br>Test class: com.myTests.myApplication.MyApplicationGame</td>
<td></td>
<td>0</td>
<td>com.myTests.myApplication.MyApplicationGame@286778</td></tr>
<tr>
<td title='com.myTests.myApplication.MyApplicationGame.setUp()'><b>setUp</b><br>Test class: com.myTests.myApplication.MyApplicationGame</td>
<td></td>
<td>0</td>
<td>com.myTests.myApplication.MyApplicationGame@286778</td></tr>
<tr>
<td title='com.myTests.calculator.CalculatorTest.setUp()'><b>setUp</b><br>Test class: com.myTests.calculator.CalculatorTest</td>
<td></td>
<td>0</td>
<td>com.myTests.calculator.CalculatorTest@67c67e</td></tr>
<tr>
<td title='com.myTests.DemoTest.setUp()'><b>setUp</b><br>Test class: com.myTests.DemoTest</td>
<td></td>
<td>0</td>
<td>com.myTests.DemoTest@17b4f4c</td></tr>
<tr>
<td title='com.myTests.appstore.AppStoreCharts.setUp()'><b>setUp</b><br>Test class: com.myTests.appstore.AppStoreCharts</td>
<td></td>
<td>0</td>
<td>com.myTests.appstore.AppStoreCharts@127bd23</td></tr>
<tr>
<td title='com.myTests.appstore.AppStoreCharts.setUp()'><b>setUp</b><br>Test class: com.myTests.appstore.AppStoreCharts</td>
<td></td>
<td>0</td>
<td>com.myTests.appstore.AppStoreCharts@127bd23</td></tr>
<tr>
<td title='com.myTests.calculator.CalculatorView.setUp()'><b>setUp</b><br>Test class: com.myTests.calculator.CalculatorView</td>
<td></td>
<td>0</td>
<td>com.myTests.calculator.CalculatorView@1a5fe33</td></tr>
<tr>
<td title='com.myTests.calculator.CalculatorView.setUp()'><b>setUp</b><br>Test class: com.myTests.calculator.CalculatorView</td>
<td></td>
<td>0</td>
<td>com.myTests.calculator.CalculatorView@1a5fe33</td></tr>
<tr>
<td title='com.myTests.eribank.NativeTest.setUp()'><b>setUp</b><br>Test class: com.myTests.eribank.NativeTest</td>
<td></td>
<td>0</td>
<td>com.myTests.eribank.NativeTest@1d422d</td></tr>
<tr>
<td title='com.myTests.web.WebTestLinksWork.tearDown()'><b>tearDown</b><br>Test class: com.myTests.web.WebTestLinksWork</td>
<td></td>
<td>0</td>
<td>com.myTests.web.WebTestLinksWork@38ae61</td></tr>
<tr>
<td title='com.myTests.web.WebTestLinksWork.tearDown()'><b>tearDown</b><br>Test class: com.myTests.web.WebTestLinksWork</td>
<td></td>
<td>0</td>
<td>com.myTests.web.WebTestLinksWork@38ae61</td></tr>
<tr>
<td title='com.myTests.eribank.NativeTestWorkFlow.tearDown()'><b>tearDown</b><br>Test class: com.myTests.eribank.NativeTestWorkFlow</td>
<td></td>
<td>0</td>
<td>com.myTests.eribank.NativeTestWorkFlow@f93f1</td></tr>
<tr>
<td title='com.myTests.eribank.NativeTestWorkFlow.tearDown()'><b>tearDown</b><br>Test class: com.myTests.eribank.NativeTestWorkFlow</td>
<td></td>
<td>0</td>
<td>com.myTests.eribank.NativeTestWorkFlow@f93f1</td></tr>
<tr>
<td title='com.myTests.calculator.CalculatorFlow.tearDown()'><b>tearDown</b><br>Test class: com.myTests.calculator.CalculatorFlow</td>
<td></td>
<td>0</td>
<td>com.myTests.calculator.CalculatorFlow@4fe44c</td></tr>
<tr>
<td title='com.myTests.calculator.CalculatorFlow.tearDown()'><b>tearDown</b><br>Test class: com.myTests.calculator.CalculatorFlow</td>
<td></td>
<td>0</td>
<td>com.myTests.calculator.CalculatorFlow@4fe44c</td></tr>
<tr>
<td title='com.myTests.myApplication.MyApplicationLogin.tearDown()'><b>tearDown</b><br>Test class: com.myTests.myApplication.MyApplicationLogin</td>
<td></td>
<td>0</td>
<td>com.myTests.myApplication.MyApplicationLogin@1610302</td></tr>
<tr>
<td title='com.myTests.myApplication.MyApplicationLogin.tearDown()'><b>tearDown</b><br>Test class: com.myTests.myApplication.MyApplicationLogin</td>
<td></td>
<td>0</td>
<td>com.myTests.myApplication.MyApplicationLogin@1610302</td></tr>
<tr>
<td title='com.myTests.calculator.CalculatorField.tearDown()'><b>tearDown</b><br>Test class: com.myTests.calculator.CalculatorField</td>
<td></td>
<td>0</td>
<td>com.myTests.calculator.CalculatorField@1c6f14e</td></tr>
<tr>
<td title='com.myTests.calculator.CalculatorField.tearDown()'><b>tearDown</b><br>Test class: com.myTests.calculator.CalculatorField</td>
<td></td>
<td>0</td>
<td>com.myTests.calculator.CalculatorField@1c6f14e</td></tr>
<tr>
<td title='com.myTests.appstore.AppStoreTest.tearDown()'><b>tearDown</b><br>Test class: com.myTests.appstore.AppStoreTest</td>
<td></td>
<td>0</td>
<td>com.myTests.appstore.AppStoreTest@10736d9</td></tr>
<tr>
<td title='com.myTests.eribank.NativeTestLogin.tearDown()'><b>tearDown</b><br>Test class: com.myTests.eribank.NativeTestLogin</td>
<td></td>
<td>0</td>
<td>com.myTests.eribank.NativeTestLogin@1753b6d</td></tr>
<tr>
<td title='com.myTests.eribank.NativeTestLogin.tearDown()'><b>tearDown</b><br>Test class: com.myTests.eribank.NativeTestLogin</td>
<td></td>
<td>0</td>
<td>com.myTests.eribank.NativeTestLogin@1753b6d</td></tr>
<tr>
<td title='com.myTests.web.WebTestMenuExists.tearDown()'><b>tearDown</b><br>Test class: com.myTests.web.WebTestMenuExists</td>
<td></td>
<td>0</td>
<td>com.myTests.web.WebTestMenuExists@1dc339b</td></tr>
<tr>
<td title='com.myTests.web.WebTestMenuExists.tearDown()'><b>tearDown</b><br>Test class: com.myTests.web.WebTestMenuExists</td>
<td></td>
<td>0</td>
<td>com.myTests.web.WebTestMenuExists@1dc339b</td></tr>
<tr>
<td title='com.myTests.myApplication.NativeTest2.tearDown()'><b>tearDown</b><br>Test class: com.myTests.myApplication.NativeTest2</td>
<td></td>
<td>0</td>
<td>com.myTests.myApplication.NativeTest2@1318ec4</td></tr>
<tr>
<td title='com.myTests.web.WebTest1.tearDown()'><b>tearDown</b><br>Test class: com.myTests.web.WebTest1</td>
<td></td>
<td>0</td>
<td>com.myTests.web.WebTest1@32be31</td></tr>
<tr>
<td title='com.myTests.appstore.AppStoreDownload.tearDown()'><b>tearDown</b><br>Test class: com.myTests.appstore.AppStoreDownload</td>
<td></td>
<td>0</td>
<td>com.myTests.appstore.AppStoreDownload@1213b92</td></tr>
<tr>
<td title='com.myTests.appstore.AppStoreDownload.tearDown()'><b>tearDown</b><br>Test class: com.myTests.appstore.AppStoreDownload</td>
<td></td>
<td>0</td>
<td>com.myTests.appstore.AppStoreDownload@1213b92</td></tr>
<tr>
<td title='com.myTests.myApplication.MyApplicationGame.tearDown()'><b>tearDown</b><br>Test class: com.myTests.myApplication.MyApplicationGame</td>
<td></td>
<td>0</td>
<td>com.myTests.myApplication.MyApplicationGame@286778</td></tr>
<tr>
<td title='com.myTests.myApplication.MyApplicationGame.tearDown()'><b>tearDown</b><br>Test class: com.myTests.myApplication.MyApplicationGame</td>
<td></td>
<td>0</td>
<td>com.myTests.myApplication.MyApplicationGame@286778</td></tr>
<tr>
<td title='com.myTests.calculator.CalculatorTest.tearDown()'><b>tearDown</b><br>Test class: com.myTests.calculator.CalculatorTest</td>
<td></td>
<td>0</td>
<td>com.myTests.calculator.CalculatorTest@67c67e</td></tr>
<tr>
<td title='com.myTests.DemoTest.tearDown()'><b>tearDown</b><br>Test class: com.myTests.DemoTest</td>
<td></td>
<td>0</td>
<td>com.myTests.DemoTest@17b4f4c</td></tr>
<tr>
<td title='com.myTests.appstore.AppStoreCharts.tearDown()'><b>tearDown</b><br>Test class: com.myTests.appstore.AppStoreCharts</td>
<td></td>
<td>0</td>
<td>com.myTests.appstore.AppStoreCharts@127bd23</td></tr>
<tr>
<td title='com.myTests.appstore.AppStoreCharts.tearDown()'><b>tearDown</b><br>Test class: com.myTests.appstore.AppStoreCharts</td>
<td></td>
<td>0</td>
<td>com.myTests.appstore.AppStoreCharts@127bd23</td></tr>
<tr>
<td title='com.myTests.calculator.CalculatorView.tearDown()'><b>tearDown</b><br>Test class: com.myTests.calculator.CalculatorView</td>
<td></td>
<td>0</td>
<td>com.myTests.calculator.CalculatorView@1a5fe33</td></tr>
<tr>
<td title='com.myTests.calculator.CalculatorView.tearDown()'><b>tearDown</b><br>Test class: com.myTests.calculator.CalculatorView</td>
<td></td>
<td>0</td>
<td>com.myTests.calculator.CalculatorView@1a5fe33</td></tr>
<tr>
<td title='com.myTests.eribank.NativeTest.tearDown()'><b>tearDown</b><br>Test class: com.myTests.eribank.NativeTest</td>
<td></td>
<td>0</td>
<td>com.myTests.eribank.NativeTest@1d422d</td></tr>
</table><p>
<table width='100%' border='1' class='invocation-skipped'>
<tr><td colspan='4' align='center'><b>SKIPPED TESTS</b></td></tr>
<tr><td><b>Test method</b></td>
<td width="30%"><b>Exception</b></td>
<td width="10%"><b>Time (seconds)</b></td>
<td><b>Instance</b></td>
</tr>
<tr>
<td title='com.myTests.eribank.NativeTestLogin.LoginTest()'><b>LoginTest</b><br>Test class: com.myTests.eribank.NativeTestLogin</td>
<td></td>
<td>0</td>
<td>com.myTests.eribank.NativeTestLogin@1753b6d</td></tr>
<tr>
<td title='com.myTests.eribank.NativeTestWorkFlow.OrderTest()'><b>OrderTest</b><br>Test class: com.myTests.eribank.NativeTestWorkFlow</td>
<td></td>
<td>0</td>
<td>com.myTests.eribank.NativeTestWorkFlow@f93f1</td></tr>
<tr>
<td title='com.myTests.web.WebTestLinksWork.nothingTest()'><b>nothingTest</b><br>Test class: com.myTests.web.WebTestLinksWork</td>
<td></td>
<td>0</td>
<td>com.myTests.web.WebTestLinksWork@38ae61</td></tr>
<tr>
<td title='com.myTests.eribank.NativeTestWorkFlow.nothingTest()'><b>nothingTest</b><br>Test class: com.myTests.eribank.NativeTestWorkFlow</td>
<td></td>
<td>0</td>
<td>com.myTests.eribank.NativeTestWorkFlow@f93f1</td></tr>
<tr>
<td title='com.myTests.calculator.CalculatorFlow.nothingTest()'><b>nothingTest</b><br>Test class: com.myTests.calculator.CalculatorFlow</td>
<td></td>
<td>0</td>
<td>com.myTests.calculator.CalculatorFlow@4fe44c</td></tr>
<tr>
<td title='com.myTests.myApplication.MyApplicationLogin.nothingTest()'><b>nothingTest</b><br>Test class: com.myTests.myApplication.MyApplicationLogin</td>
<td></td>
<td>0</td>
<td>com.myTests.myApplication.MyApplicationLogin@1610302</td></tr>
<tr>
<td title='com.myTests.calculator.CalculatorField.nothingTest()'><b>nothingTest</b><br>Test class: com.myTests.calculator.CalculatorField</td>
<td></td>
<td>0</td>
<td>com.myTests.calculator.CalculatorField@1c6f14e</td></tr>
<tr>
<td title='com.myTests.appstore.AppStoreTest.nothingTest()'><b>nothingTest</b><br>Test class: com.myTests.appstore.AppStoreTest</td>
<td></td>
<td>0</td>
<td>com.myTests.appstore.AppStoreTest@10736d9</td></tr>
<tr>
<td title='com.myTests.eribank.NativeTestLogin.nothingTest()'><b>nothingTest</b><br>Test class: com.myTests.eribank.NativeTestLogin</td>
<td></td>
<td>0</td>
<td>com.myTests.eribank.NativeTestLogin@1753b6d</td></tr>
<tr>
<td title='com.myTests.web.WebTestMenuExists.nothingTest()'><b>nothingTest</b><br>Test class: com.myTests.web.WebTestMenuExists</td>
<td></td>
<td>0</td>
<td>com.myTests.web.WebTestMenuExists@1dc339b</td></tr>
<tr>
<td title='com.myTests.myApplication.NativeTest2.nothingTest()'><b>nothingTest</b><br>Test class: com.myTests.myApplication.NativeTest2</td>
<td></td>
<td>0</td>
<td>com.myTests.myApplication.NativeTest2@1318ec4</td></tr>
<tr>
<td title='com.myTests.web.WebTest1.nothingTest()'><b>nothingTest</b><br>Test class: com.myTests.web.WebTest1</td>
<td></td>
<td>0</td>
<td>com.myTests.web.WebTest1@32be31</td></tr>
<tr>
<td title='com.myTests.appstore.AppStoreDownload.nothingTest()'><b>nothingTest</b><br>Test class: com.myTests.appstore.AppStoreDownload</td>
<td></td>
<td>0</td>
<td>com.myTests.appstore.AppStoreDownload@1213b92</td></tr>
<tr>
<td title='com.myTests.myApplication.MyApplicationGame.nothingTest()'><b>nothingTest</b><br>Test class: com.myTests.myApplication.MyApplicationGame</td>
<td></td>
<td>0</td>
<td>com.myTests.myApplication.MyApplicationGame@286778</td></tr>
<tr>
<td title='com.myTests.calculator.CalculatorTest.nothingTest()'><b>nothingTest</b><br>Test class: com.myTests.calculator.CalculatorTest</td>
<td></td>
<td>0</td>
<td>com.myTests.calculator.CalculatorTest@67c67e</td></tr>
<tr>
<td title='com.myTests.DemoTest.nothingTest()'><b>nothingTest</b><br>Test class: com.myTests.DemoTest</td>
<td></td>
<td>0</td>
<td>com.myTests.DemoTest@17b4f4c</td></tr>
<tr>
<td title='com.myTests.appstore.AppStoreCharts.nothingTest()'><b>nothingTest</b><br>Test class: com.myTests.appstore.AppStoreCharts</td>
<td></td>
<td>0</td>
<td>com.myTests.appstore.AppStoreCharts@127bd23</td></tr>
<tr>
<td title='com.myTests.calculator.CalculatorView.nothingTest()'><b>nothingTest</b><br>Test class: com.myTests.calculator.CalculatorView</td>
<td></td>
<td>0</td>
<td>com.myTests.calculator.CalculatorView@1a5fe33</td></tr>
<tr>
<td title='com.myTests.eribank.NativeTest.nothingTest()'><b>nothingTest</b><br>Test class: com.myTests.eribank.NativeTest</td>
<td></td>
<td>0</td>
<td>com.myTests.eribank.NativeTest@1d422d</td></tr>
<tr>
<td title='com.myTests.myApplication.MyApplicationLogin.test()'><b>test</b><br>Test class: com.myTests.myApplication.MyApplicationLogin</td>
<td></td>
<td>0</td>
<td>com.myTests.myApplication.MyApplicationLogin@1610302</td></tr>
<tr>
<td title='com.myTests.calculator.CalculatorField.test()'><b>test</b><br>Test class: com.myTests.calculator.CalculatorField</td>
<td></td>
<td>0</td>
<td>com.myTests.calculator.CalculatorField@1c6f14e</td></tr>
<tr>
<td title='com.myTests.appstore.AppStoreDownload.test()'><b>test</b><br>Test class: com.myTests.appstore.AppStoreDownload</td>
<td></td>
<td>0</td>
<td>com.myTests.appstore.AppStoreDownload@1213b92</td></tr>
<tr>
<td title='com.myTests.myApplication.MyApplicationGame.test2()'><b>test2</b><br>Test class: com.myTests.myApplication.MyApplicationGame</td>
<td></td>
<td>0</td>
<td>com.myTests.myApplication.MyApplicationGame@286778</td></tr>
<tr>
<td title='com.myTests.appstore.AppStoreCharts.test2()'><b>test2</b><br>Test class: com.myTests.appstore.AppStoreCharts</td>
<td></td>
<td>0</td>
<td>com.myTests.appstore.AppStoreCharts@127bd23</td></tr>
<tr>
<td title='com.myTests.calculator.CalculatorView.test2()'><b>test2</b><br>Test class: com.myTests.calculator.CalculatorView</td>
<td></td>
<td>0</td>
<td>com.myTests.calculator.CalculatorView@1a5fe33</td></tr>
<tr>
<td title='com.myTests.calculator.CalculatorFlow.test3()'><b>test3</b><br>Test class: com.myTests.calculator.CalculatorFlow</td>
<td></td>
<td>0</td>
<td>com.myTests.calculator.CalculatorFlow@4fe44c</td></tr>
<tr>
<td title='com.myTests.web.WebTestMenuExists.testWebTest1()'><b>testWebTest1</b><br>Test class: com.myTests.web.WebTestMenuExists</td>
<td></td>
<td>0</td>
<td>com.myTests.web.WebTestMenuExists@1dc339b</td></tr>
<tr>
<td title='com.myTests.web.WebTestLinksWork.testWebTest2()'><b>testWebTest2</b><br>Test class: com.myTests.web.WebTestLinksWork</td>
<td></td>
<td>0</td>
<td>com.myTests.web.WebTestLinksWork@38ae61</td></tr>
</table><p>
</body>
</html>