<?xml version="1.0" encoding="UTF-8"?>
<!-- Generated by org.testng.reporters.JUnitXMLReporter -->
<testsuite hostname="idoshoshani-lt" name="TestAttempt" tests="4" failures="0" timestamp="26 Nov 2017 13:24:37 GMT" time="513.162" errors="0">
  <testcase name="@BeforeMethod setUp" time="0.0" classname="com.myTests.WebTestLinksWork">
    <failure type="com.experitest.client.InternalException" message="Exception caught while executing click: Element was not identified: &amp;apos;xpath=//div[@class=&amp;quot;nav-menu__hamburger&amp;quot;]&amp;apos; at zone WEB">
      <![CDATA[com.experitest.client.InternalException: Exception caught while executing click: Element was not identified: 'xpath=//div[@class="nav-menu__hamburger"]' at zone WEB
	at com.experitest.client.JavaClientInternals.executeInternally(JavaClientInternals.java:249)
	at com.experitest.client.Client.execute(Client.java:247)
	at com.experitest.client.ExecutionClient.execute(ExecutionClient.java:184)
	at com.experitest.client.Client.click(Client.java:476)
	at com.experitest.client.ClientWrapper.click(ClientWrapper.java:195)
	at com.myTests.WebTest1.setUp(WebTest1.java:66)
	at java.util.concurrent.ThreadPoolExecutor.runWorker(Unknown Source)
	at java.util.concurrent.ThreadPoolExecutor$Worker.run(Unknown Source)
	at java.lang.Thread.run(Unknown Source)
... Removed 12 stack frames]]>
    </failure>
  </testcase> <!-- @BeforeMethod setUp -->
  <testcase name="@AfterMethod tearDown" time="0.0" classname="com.myTests.WebTestLinksWork">
    <skipped/>
  </testcase> <!-- @AfterMethod tearDown -->
  <testcase name="@AfterMethod tearDown" time="0.0" classname="com.myTests.WebTestMenuExists">
    <skipped/>
  </testcase> <!-- @AfterMethod tearDown -->
  <testcase name="testWebTest2" time="0.016" classname="com.myTests.WebTestLinksWork">
    <skipped/>
  </testcase> <!-- testWebTest2 -->
  <testcase name="testWebTest1" time="35.968" classname="com.myTests.WebTestMenuExists"/>
  <testcase name="OrderTest" time="108.696" classname="com.myTests.NativeTestWorkFlow"/>
  <testcase name="LoginTest" time="425.331" classname="com.myTests.NativeTestLogin"/>
</testsuite> <!-- TestAttempt -->
