<html>
<head>
<title>TestNG:  TestAttempt</title>
<link href="../testng.css" rel="stylesheet" type="text/css" />
<link href="../my-testng.css" rel="stylesheet" type="text/css" />

<style type="text/css">
.log { display: none;} 
.stack-trace { display: none;} 
</style>
<script type="text/javascript">
<!--
function flip(e) {
  current = e.style.display;
  if (current == 'block') {
    e.style.display = 'none';
    return 0;
  }
  else {
    e.style.display = 'block';
    return 1;
  }
}

function toggleBox(szDivId, elem, msg1, msg2)
{
  var res = -1;  if (document.getElementById) {
    res = flip(document.getElementById(szDivId));
  }
  else if (document.all) {
    // this is the way old msie versions work
    res = flip(document.all[szDivId]);
  }
  if(elem) {
    if(res == 0) elem.innerHTML = msg1; else elem.innerHTML = msg2;
  }

}

function toggleAllBoxes() {
  if (document.getElementsByTagName) {
    d = document.getElementsByTagName('div');
    for (i = 0; i < d.length; i++) {
      if (d[i].className == 'log') {
        flip(d[i]);
      }
    }
  }
}

// -->
</script>

</head>
<body>
<h2 align='center'>TestAttempt</h2><table border='1' align="center">
<tr>
<td>Tests passed/Failed/Skipped:</td><td>2/1/4</td>
</tr><tr>
<td>Started on:</td><td>Tue Nov 28 19:54:41 IST 2017</td>
</tr>
<tr><td>Total time:</td><td>534 seconds (534153 ms)</td>
</tr><tr>
<td>Included groups:</td><td>calculator Web native2 native1 AppStore </td>
</tr><tr>
<td>Excluded groups:</td><td></td>
</tr>
</table><p/>
<small><i>(Hover the method name to see the test class name)</i></small><p/>
<table width='100%' border='1' class='invocation-failed'>
<tr><td colspan='4' align='center'><b>FAILED CONFIGURATIONS</b></td></tr>
<tr><td><b>Test method</b></td>
<td width="30%"><b>Exception</b></td>
<td width="10%"><b>Time (seconds)</b></td>
<td><b>Instance</b></td>
</tr>
<tr>
<td title='com.myTests.MyApplicationLogin.setUp()'><b>setUp</b><br>Test class: com.myTests.MyApplicationLogin<br>Parameters: true</td>
<td><div><pre>com.experitest.client.InternalException: Exception caught while executing install: Failed to install cloud application: . Failed to install cloud application: . Failed to install: C:\ProgramData\cloud-server\original-apks\2\ExperiDemo_ver_1_2017-11-26-11-49-44.ipa on iOS device: 
7171d0205bae77c1387abda07335ceb8b4702421

	at com.experitest.client.JavaClientInternals.executeInternally(JavaClientInternals.java:249)
	at com.experitest.client.Client.execute(Client.java:247)
	at com.experitest.client.ExecutionClient.execute(ExecutionClient.java:184)
	at com.experitest.client.Client.install(Client.java:1417)
	at com.experitest.client.ExecutionClient.install(ExecutionClient.java:89)
	at com.experitest.client.ClientWrapper.install(ClientWrapper.java:1029)
	at com.myTests.NativeTest2.setUp(NativeTest2.java:50)
	at java.util.concurrent.ThreadPoolExecutor.runWorker(ThreadPoolExecutor.java:1149)
	at java.util.concurrent.ThreadPoolExecutor$Worker.run(ThreadPoolExecutor.java:624)
	at java.lang.Thread.run(Thread.java:748)
... Removed 12 stack frames</pre></div><a href='#' onClick='toggleBox("stack-trace31489798", this, "Click to show all stack frames", "Click to hide stack frames")'>Click to show all stack frames</a>
<div class='stack-trace' id='stack-trace31489798'><pre>com.experitest.client.InternalException: Exception caught while executing install: Failed to install cloud application: . Failed to install cloud application: . Failed to install: C:\ProgramData\cloud-server\original-apks\2\ExperiDemo_ver_1_2017-11-26-11-49-44.ipa on iOS device: 
7171d0205bae77c1387abda07335ceb8b4702421

	at com.experitest.client.JavaClientInternals.executeInternally(JavaClientInternals.java:249)
	at com.experitest.client.Client.execute(Client.java:247)
	at com.experitest.client.ExecutionClient.execute(ExecutionClient.java:184)
	at com.experitest.client.Client.install(Client.java:1417)
	at com.experitest.client.ExecutionClient.install(ExecutionClient.java:89)
	at com.experitest.client.ClientWrapper.install(ClientWrapper.java:1029)
	at com.myTests.NativeTest2.setUp(NativeTest2.java:50)
	at sun.reflect.NativeMethodAccessorImpl.invoke0(Native Method)
	at sun.reflect.NativeMethodAccessorImpl.invoke(NativeMethodAccessorImpl.java:62)
	at sun.reflect.DelegatingMethodAccessorImpl.invoke(DelegatingMethodAccessorImpl.java:43)
	at java.lang.reflect.Method.invoke(Method.java:498)
	at org.testng.internal.MethodInvocationHelper.invokeMethod(MethodInvocationHelper.java:85)
	at org.testng.internal.Invoker.invokeConfigurationMethod(Invoker.java:510)
	at org.testng.internal.Invoker.invokeConfigurations(Invoker.java:211)
	at org.testng.internal.Invoker.invokeMethod(Invoker.java:585)
	at org.testng.internal.Invoker.invokeTestMethod(Invoker.java:816)
	at org.testng.internal.Invoker.invokeTestMethods(Invoker.java:1124)
	at org.testng.internal.TestMethodWorker.invokeTestMethods(TestMethodWorker.java:125)
	at org.testng.internal.TestMethodWorker.run(TestMethodWorker.java:108)
	at java.util.concurrent.ThreadPoolExecutor.runWorker(ThreadPoolExecutor.java:1149)
	at java.util.concurrent.ThreadPoolExecutor$Worker.run(ThreadPoolExecutor.java:624)
	at java.lang.Thread.run(Thread.java:748)
</pre></div></td>
<td>0</td>
<td>com.myTests.MyApplicationLogin@67c67e</td></tr>
<tr>
<td title='com.myTests.WebTestMenuExists.setUp()'><b>setUp</b><br>Test class: com.myTests.WebTestMenuExists<br>Parameters: true</td>
<td><div><pre>com.experitest.client.InternalException: Exception caught while executing click: Element was not identified: &apos;xpath=//div[@class=&quot;nav-menu__hamburger&quot;]&apos; at zone WEB
	at com.experitest.client.JavaClientInternals.executeInternally(JavaClientInternals.java:249)
	at com.experitest.client.Client.execute(Client.java:247)
	at com.experitest.client.ExecutionClient.execute(ExecutionClient.java:184)
	at com.experitest.client.Client.click(Client.java:476)
	at com.experitest.client.ClientWrapper.click(ClientWrapper.java:195)
	at com.myTests.WebTest1.setUp(WebTest1.java:66)
	at java.util.concurrent.ThreadPoolExecutor.runWorker(ThreadPoolExecutor.java:1149)
	at java.util.concurrent.ThreadPoolExecutor$Worker.run(ThreadPoolExecutor.java:624)
	at java.lang.Thread.run(Thread.java:748)
... Removed 12 stack frames</pre></div><a href='#' onClick='toggleBox("stack-trace23995937", this, "Click to show all stack frames", "Click to hide stack frames")'>Click to show all stack frames</a>
<div class='stack-trace' id='stack-trace23995937'><pre>com.experitest.client.InternalException: Exception caught while executing click: Element was not identified: &apos;xpath=//div[@class=&quot;nav-menu__hamburger&quot;]&apos; at zone WEB
	at com.experitest.client.JavaClientInternals.executeInternally(JavaClientInternals.java:249)
	at com.experitest.client.Client.execute(Client.java:247)
	at com.experitest.client.ExecutionClient.execute(ExecutionClient.java:184)
	at com.experitest.client.Client.click(Client.java:476)
	at com.experitest.client.ClientWrapper.click(ClientWrapper.java:195)
	at com.myTests.WebTest1.setUp(WebTest1.java:66)
	at sun.reflect.NativeMethodAccessorImpl.invoke0(Native Method)
	at sun.reflect.NativeMethodAccessorImpl.invoke(NativeMethodAccessorImpl.java:62)
	at sun.reflect.DelegatingMethodAccessorImpl.invoke(DelegatingMethodAccessorImpl.java:43)
	at java.lang.reflect.Method.invoke(Method.java:498)
	at org.testng.internal.MethodInvocationHelper.invokeMethod(MethodInvocationHelper.java:85)
	at org.testng.internal.Invoker.invokeConfigurationMethod(Invoker.java:510)
	at org.testng.internal.Invoker.invokeConfigurations(Invoker.java:211)
	at org.testng.internal.Invoker.invokeMethod(Invoker.java:585)
	at org.testng.internal.Invoker.invokeTestMethod(Invoker.java:816)
	at org.testng.internal.Invoker.invokeTestMethods(Invoker.java:1124)
	at org.testng.internal.TestMethodWorker.invokeTestMethods(TestMethodWorker.java:125)
	at org.testng.internal.TestMethodWorker.run(TestMethodWorker.java:108)
	at java.util.concurrent.ThreadPoolExecutor.runWorker(ThreadPoolExecutor.java:1149)
	at java.util.concurrent.ThreadPoolExecutor$Worker.run(ThreadPoolExecutor.java:624)
	at java.lang.Thread.run(Thread.java:748)
</pre></div></td>
<td>0</td>
<td>com.myTests.WebTestMenuExists@480dd7</td></tr>
<tr>
<td title='com.myTests.WebTestLinksWork.setUp()'><b>setUp</b><br>Test class: com.myTests.WebTestLinksWork<br>Parameters: true</td>
<td><div><pre>com.experitest.client.InternalException: Exception caught while executing click: Element was not identified: &apos;xpath=//div[@class=&quot;nav-menu__hamburger&quot;]&apos; at zone WEB
	at com.experitest.client.JavaClientInternals.executeInternally(JavaClientInternals.java:249)
	at com.experitest.client.Client.execute(Client.java:247)
	at com.experitest.client.ExecutionClient.execute(ExecutionClient.java:184)
	at com.experitest.client.Client.click(Client.java:476)
	at com.experitest.client.ClientWrapper.click(ClientWrapper.java:195)
	at com.myTests.WebTest1.setUp(WebTest1.java:66)
	at java.util.concurrent.ThreadPoolExecutor.runWorker(ThreadPoolExecutor.java:1149)
	at java.util.concurrent.ThreadPoolExecutor$Worker.run(ThreadPoolExecutor.java:624)
	at java.lang.Thread.run(Thread.java:748)
... Removed 12 stack frames</pre></div><a href='#' onClick='toggleBox("stack-trace5849888", this, "Click to show all stack frames", "Click to hide stack frames")'>Click to show all stack frames</a>
<div class='stack-trace' id='stack-trace5849888'><pre>com.experitest.client.InternalException: Exception caught while executing click: Element was not identified: &apos;xpath=//div[@class=&quot;nav-menu__hamburger&quot;]&apos; at zone WEB
	at com.experitest.client.JavaClientInternals.executeInternally(JavaClientInternals.java:249)
	at com.experitest.client.Client.execute(Client.java:247)
	at com.experitest.client.ExecutionClient.execute(ExecutionClient.java:184)
	at com.experitest.client.Client.click(Client.java:476)
	at com.experitest.client.ClientWrapper.click(ClientWrapper.java:195)
	at com.myTests.WebTest1.setUp(WebTest1.java:66)
	at sun.reflect.NativeMethodAccessorImpl.invoke0(Native Method)
	at sun.reflect.NativeMethodAccessorImpl.invoke(NativeMethodAccessorImpl.java:62)
	at sun.reflect.DelegatingMethodAccessorImpl.invoke(DelegatingMethodAccessorImpl.java:43)
	at java.lang.reflect.Method.invoke(Method.java:498)
	at org.testng.internal.MethodInvocationHelper.invokeMethod(MethodInvocationHelper.java:85)
	at org.testng.internal.Invoker.invokeConfigurationMethod(Invoker.java:510)
	at org.testng.internal.Invoker.invokeConfigurations(Invoker.java:211)
	at org.testng.internal.Invoker.invokeMethod(Invoker.java:585)
	at org.testng.internal.Invoker.invokeTestMethod(Invoker.java:816)
	at org.testng.internal.Invoker.invokeTestMethods(Invoker.java:1124)
	at org.testng.internal.TestMethodWorker.invokeTestMethods(TestMethodWorker.java:125)
	at org.testng.internal.TestMethodWorker.run(TestMethodWorker.java:108)
	at java.util.concurrent.ThreadPoolExecutor.runWorker(ThreadPoolExecutor.java:1149)
	at java.util.concurrent.ThreadPoolExecutor$Worker.run(ThreadPoolExecutor.java:624)
	at java.lang.Thread.run(Thread.java:748)
</pre></div></td>
<td>0</td>
<td>com.myTests.WebTestLinksWork@1d422d</td></tr>
</table><p>
<table width='100%' border='1' class='invocation-skipped'>
<tr><td colspan='4' align='center'><b>SKIPPED CONFIGURATIONS</b></td></tr>
<tr><td><b>Test method</b></td>
<td width="30%"><b>Exception</b></td>
<td width="10%"><b>Time (seconds)</b></td>
<td><b>Instance</b></td>
</tr>
<tr>
<td title='com.myTests.MyApplicationLogin.tearDown()'><b>tearDown</b><br>Test class: com.myTests.MyApplicationLogin</td>
<td></td>
<td>0</td>
<td>com.myTests.MyApplicationLogin@67c67e</td></tr>
<tr>
<td title='com.myTests.MyApplicationGame.tearDown()'><b>tearDown</b><br>Test class: com.myTests.MyApplicationGame</td>
<td></td>
<td>0</td>
<td>com.myTests.MyApplicationGame@1213b92</td></tr>
<tr>
<td title='com.myTests.WebTestMenuExists.tearDown()'><b>tearDown</b><br>Test class: com.myTests.WebTestMenuExists</td>
<td></td>
<td>0</td>
<td>com.myTests.WebTestMenuExists@480dd7</td></tr>
<tr>
<td title='com.myTests.WebTestLinksWork.tearDown()'><b>tearDown</b><br>Test class: com.myTests.WebTestLinksWork</td>
<td></td>
<td>0</td>
<td>com.myTests.WebTestLinksWork@1d422d</td></tr>
</table><p>
<table width='100%' border='1' class='invocation-failed'>
<tr><td colspan='4' align='center'><b>FAILED TESTS</b></td></tr>
<tr><td><b>Test method</b></td>
<td width="30%"><b>Exception</b></td>
<td width="10%"><b>Time (seconds)</b></td>
<td><b>Instance</b></td>
</tr>
<tr>
<td title='com.myTests.AppStoreDownload.test()'><b>test</b><br>Test class: com.myTests.AppStoreDownload</td>
<td><div><pre>com.experitest.client.InternalException: Exception caught while executing click: Element was not identified: &apos;OPEN&apos; at zone default
	at com.experitest.client.JavaClientInternals.executeInternally(JavaClientInternals.java:249)
	at com.experitest.client.Client.execute(Client.java:247)
	at com.experitest.client.ExecutionClient.execute(ExecutionClient.java:184)
	at com.experitest.client.Client.click(Client.java:476)
	at com.experitest.client.ClientWrapper.click(ClientWrapper.java:195)
	at com.myTests.AppStoreDownload.test(AppStoreDownload.java:39)
	at java.util.concurrent.ThreadPoolExecutor.runWorker(ThreadPoolExecutor.java:1149)
	at java.util.concurrent.ThreadPoolExecutor$Worker.run(ThreadPoolExecutor.java:624)
	at java.lang.Thread.run(Thread.java:748)
... Removed 10 stack frames</pre></div><a href='#' onClick='toggleBox("stack-trace24195068", this, "Click to show all stack frames", "Click to hide stack frames")'>Click to show all stack frames</a>
<div class='stack-trace' id='stack-trace24195068'><pre>com.experitest.client.InternalException: Exception caught while executing click: Element was not identified: &apos;OPEN&apos; at zone default
	at com.experitest.client.JavaClientInternals.executeInternally(JavaClientInternals.java:249)
	at com.experitest.client.Client.execute(Client.java:247)
	at com.experitest.client.ExecutionClient.execute(ExecutionClient.java:184)
	at com.experitest.client.Client.click(Client.java:476)
	at com.experitest.client.ClientWrapper.click(ClientWrapper.java:195)
	at com.myTests.AppStoreDownload.test(AppStoreDownload.java:39)
	at sun.reflect.NativeMethodAccessorImpl.invoke0(Native Method)
	at sun.reflect.NativeMethodAccessorImpl.invoke(NativeMethodAccessorImpl.java:62)
	at sun.reflect.DelegatingMethodAccessorImpl.invoke(DelegatingMethodAccessorImpl.java:43)
	at java.lang.reflect.Method.invoke(Method.java:498)
	at org.testng.internal.MethodInvocationHelper.invokeMethod(MethodInvocationHelper.java:85)
	at org.testng.internal.Invoker.invokeMethod(Invoker.java:639)
	at org.testng.internal.Invoker.invokeTestMethod(Invoker.java:816)
	at org.testng.internal.Invoker.invokeTestMethods(Invoker.java:1124)
	at org.testng.internal.TestMethodWorker.invokeTestMethods(TestMethodWorker.java:125)
	at org.testng.internal.TestMethodWorker.run(TestMethodWorker.java:108)
	at java.util.concurrent.ThreadPoolExecutor.runWorker(ThreadPoolExecutor.java:1149)
	at java.util.concurrent.ThreadPoolExecutor$Worker.run(ThreadPoolExecutor.java:624)
	at java.lang.Thread.run(Thread.java:748)
</pre></div></td>
<td>36</td>
<td>com.myTests.AppStoreDownload@127bd23</td></tr>
</table><p>
<table width='100%' border='1' class='invocation-passed'>
<tr><td colspan='4' align='center'><b>PASSED TESTS</b></td></tr>
<tr><td><b>Test method</b></td>
<td width="30%"><b>Exception</b></td>
<td width="10%"><b>Time (seconds)</b></td>
<td><b>Instance</b></td>
</tr>
<tr>
<td title='com.myTests.NativeTestLogin.LoginTest()'><b>LoginTest</b><br>Test class: com.myTests.NativeTestLogin</td>
<td></td>
<td>389</td>
<td>com.myTests.NativeTestLogin@1610302</td></tr>
<tr>
<td title='com.myTests.NativeTestWorkFlow.OrderTest()'><b>OrderTest</b><br>Test class: com.myTests.NativeTestWorkFlow</td>
<td></td>
<td>102</td>
<td>com.myTests.NativeTestWorkFlow@1318ec4</td></tr>
</table><p>
<table width='100%' border='1' class='invocation-skipped'>
<tr><td colspan='4' align='center'><b>SKIPPED TESTS</b></td></tr>
<tr><td><b>Test method</b></td>
<td width="30%"><b>Exception</b></td>
<td width="10%"><b>Time (seconds)</b></td>
<td><b>Instance</b></td>
</tr>
<tr>
<td title='com.myTests.MyApplicationLogin.test()'><b>test</b><br>Test class: com.myTests.MyApplicationLogin</td>
<td></td>
<td>0</td>
<td>com.myTests.MyApplicationLogin@67c67e</td></tr>
<tr>
<td title='com.myTests.MyApplicationGame.test2()'><b>test2</b><br>Test class: com.myTests.MyApplicationGame</td>
<td></td>
<td>0</td>
<td>com.myTests.MyApplicationGame@1213b92</td></tr>
<tr>
<td title='com.myTests.WebTestMenuExists.testWebTest1()'><b>testWebTest1</b><br>Test class: com.myTests.WebTestMenuExists</td>
<td></td>
<td>0</td>
<td>com.myTests.WebTestMenuExists@480dd7</td></tr>
<tr>
<td title='com.myTests.WebTestLinksWork.testWebTest2()'><b>testWebTest2</b><br>Test class: com.myTests.WebTestLinksWork</td>
<td></td>
<td>0</td>
<td>com.myTests.WebTestLinksWork@1d422d</td></tr>
</table><p>
</body>
</html>