<!DOCTYPE html PUBLIC "-//W3C//DTD XHTML 1.1//EN" "http://www.w3.org/TR/xhtml11/DTD/xhtml11.dtd">
<html xmlns="http://www.w3.org/1999/xhtml"><head><title>TestNG Report</title><style type="text/css">table {margin-bottom:10px;border-collapse:collapse;empty-cells:show}th,td {border:1px solid #009;padding:.25em .5em}th {vertical-align:bottom}td {vertical-align:top}table a {font-weight:bold}.stripe td {background-color: #E6EBF9}.num {text-align:right}.passedodd td {background-color: #3F3}.passedeven td {background-color: #0A0}.skippedodd td {background-color: #DDD}.skippedeven td {background-color: #CCC}.failedodd td,.attn {background-color: #F33}.failedeven td,.stripe .attn {background-color: #D00}.stacktrace {white-space:pre;font-family:monospace}.totop {font-size:85%;text-align:center;border-bottom:2px solid #000}</style></head><body><table><tr><th>Test</th><th># Passed</th><th># Skipped</th><th># Failed</th><th>Time (ms)</th><th>Included Groups</th><th>Excluded Groups</th></tr><tr><th colspan="7">My suite</th></tr><tr><td><a href="#t0">TestAttempt</a></td><td class="num">2</td><td class="num attn">4</td><td class="num attn">1</td><td class="num">534,153</td><td>calculator, Web, native2, native1, AppStore</td><td></td></tr></table><table><thead><tr><th>Class</th><th>Method</th><th>Start</th><th>Time (ms)</th></tr></thead><tbody><tr><th colspan="4">My suite</th></tr></tbody><tbody id="t0"><tr><th colspan="4">TestAttempt &#8212; failed (configuration methods)</th></tr><tr class="failedeven"><td rowspan="1">com.myTests.MyApplicationLogin</td><td><a href="#m0">setUp</a></td><td rowspan="1">1511891681338</td><td rowspan="1">0</td></tr><tr class="failedodd"><td rowspan="1">com.myTests.WebTestLinksWork</td><td><a href="#m1">setUp</a></td><td rowspan="1">1511891744381</td><td rowspan="1">0</td></tr><tr class="failedeven"><td rowspan="1">com.myTests.WebTestMenuExists</td><td><a href="#m2">setUp</a></td><td rowspan="1">1511891765788</td><td rowspan="1">0</td></tr><tr><th colspan="4">TestAttempt &#8212; failed</th></tr><tr class="failedeven"><td rowspan="1">com.myTests.AppStoreDownload</td><td><a href="#m3">test</a></td><td rowspan="1">1511891699328</td><td rowspan="1">36856</td></tr><tr><th colspan="4">TestAttempt &#8212; skipped (configuration methods)</th></tr><tr class="skippedeven"><td rowspan="1">com.myTests.MyApplicationGame</td><td><a href="#m4">tearDown</a></td><td rowspan="1">1511891801942</td><td rowspan="1">0</td></tr><tr class="skippedodd"><td rowspan="1">com.myTests.MyApplicationLogin</td><td><a href="#m5">tearDown</a></td><td rowspan="1">1511891765787</td><td rowspan="1">0</td></tr><tr class="skippedeven"><td rowspan="1">com.myTests.WebTestLinksWork</td><td><a href="#m6">tearDown</a></td><td rowspan="1">1511891857439</td><td rowspan="1">0</td></tr><tr class="skippedodd"><td rowspan="1">com.myTests.WebTestMenuExists</td><td><a href="#m7">tearDown</a></td><td rowspan="1">1511891848568</td><td rowspan="1">0</td></tr><tr><th colspan="4">TestAttempt &#8212; skipped</th></tr><tr class="skippedeven"><td rowspan="1">com.myTests.MyApplicationGame</td><td><a href="#m8">test2</a></td><td rowspan="1">1511891801937</td><td rowspan="1">3</td></tr><tr class="skippedodd"><td rowspan="1">com.myTests.MyApplicationLogin</td><td><a href="#m9">test</a></td><td rowspan="1">1511891765785</td><td rowspan="1">1</td></tr><tr class="skippedeven"><td rowspan="1">com.myTests.WebTestLinksWork</td><td><a href="#m10">testWebTest2</a></td><td rowspan="1">1511891857431</td><td rowspan="1">4</td></tr><tr class="skippedodd"><td rowspan="1">com.myTests.WebTestMenuExists</td><td><a href="#m11">testWebTest1</a></td><td rowspan="1">1511891848566</td><td rowspan="1">1</td></tr><tr><th colspan="4">TestAttempt &#8212; passed</th></tr><tr class="passedeven"><td rowspan="1">com.myTests.NativeTestLogin</td><td><a href="#m12">LoginTest</a></td><td rowspan="1">1511891821828</td><td rowspan="1">389815</td></tr><tr class="passedodd"><td rowspan="1">com.myTests.NativeTestWorkFlow</td><td><a href="#m13">OrderTest</a></td><td rowspan="1">1511891817657</td><td rowspan="1">102054</td></tr></tbody></table><h2>TestAttempt</h2><h3 id="m0">com.myTests.MyApplicationLogin#setUp</h3><table class="result"><tr class="param"><th>Parameter #1</th></tr><tr class="param stripe"><td>true</td></tr><tr><th>Exception</th></tr><tr><td><div class="stacktrace">com.experitest.client.InternalException: Exception caught while executing install: Failed to install cloud application: . Failed to install cloud application: . Failed to install: C:\ProgramData\cloud-server\original-apks\2\ExperiDemo_ver_1_2017-11-26-11-49-44.ipa on iOS device: 
7171d0205bae77c1387abda07335ceb8b4702421

	at com.experitest.client.JavaClientInternals.executeInternally(JavaClientInternals.java:249)
	at com.experitest.client.Client.execute(Client.java:247)
	at com.experitest.client.ExecutionClient.execute(ExecutionClient.java:184)
	at com.experitest.client.Client.install(Client.java:1417)
	at com.experitest.client.ExecutionClient.install(ExecutionClient.java:89)
	at com.experitest.client.ClientWrapper.install(ClientWrapper.java:1029)
	at com.myTests.NativeTest2.setUp(NativeTest2.java:50)
	at java.util.concurrent.ThreadPoolExecutor.runWorker(ThreadPoolExecutor.java:1149)
	at java.util.concurrent.ThreadPoolExecutor$Worker.run(ThreadPoolExecutor.java:624)
	at java.lang.Thread.run(Thread.java:748)
... Removed 12 stack frames</div></td></tr></table><p class="totop"><a href="#summary">back to summary</a></p><h3 id="m1">com.myTests.WebTestLinksWork#setUp</h3><table class="result"><tr class="param"><th>Parameter #1</th></tr><tr class="param stripe"><td>true</td></tr><tr><th>Exception</th></tr><tr><td><div class="stacktrace">com.experitest.client.InternalException: Exception caught while executing click: Element was not identified: &apos;xpath=//div[@class=&quot;nav-menu__hamburger&quot;]&apos; at zone WEB
	at com.experitest.client.JavaClientInternals.executeInternally(JavaClientInternals.java:249)
	at com.experitest.client.Client.execute(Client.java:247)
	at com.experitest.client.ExecutionClient.execute(ExecutionClient.java:184)
	at com.experitest.client.Client.click(Client.java:476)
	at com.experitest.client.ClientWrapper.click(ClientWrapper.java:195)
	at com.myTests.WebTest1.setUp(WebTest1.java:66)
	at java.util.concurrent.ThreadPoolExecutor.runWorker(ThreadPoolExecutor.java:1149)
	at java.util.concurrent.ThreadPoolExecutor$Worker.run(ThreadPoolExecutor.java:624)
	at java.lang.Thread.run(Thread.java:748)
... Removed 12 stack frames</div></td></tr></table><p class="totop"><a href="#summary">back to summary</a></p><h3 id="m2">com.myTests.WebTestMenuExists#setUp</h3><table class="result"><tr class="param"><th>Parameter #1</th></tr><tr class="param stripe"><td>true</td></tr><tr><th>Exception</th></tr><tr><td><div class="stacktrace">com.experitest.client.InternalException: Exception caught while executing click: Element was not identified: &apos;xpath=//div[@class=&quot;nav-menu__hamburger&quot;]&apos; at zone WEB
	at com.experitest.client.JavaClientInternals.executeInternally(JavaClientInternals.java:249)
	at com.experitest.client.Client.execute(Client.java:247)
	at com.experitest.client.ExecutionClient.execute(ExecutionClient.java:184)
	at com.experitest.client.Client.click(Client.java:476)
	at com.experitest.client.ClientWrapper.click(ClientWrapper.java:195)
	at com.myTests.WebTest1.setUp(WebTest1.java:66)
	at java.util.concurrent.ThreadPoolExecutor.runWorker(ThreadPoolExecutor.java:1149)
	at java.util.concurrent.ThreadPoolExecutor$Worker.run(ThreadPoolExecutor.java:624)
	at java.lang.Thread.run(Thread.java:748)
... Removed 12 stack frames</div></td></tr></table><p class="totop"><a href="#summary">back to summary</a></p><h3 id="m3">com.myTests.AppStoreDownload#test</h3><table class="result"><tr><th>Exception</th></tr><tr><td><div class="stacktrace">com.experitest.client.InternalException: Exception caught while executing click: Element was not identified: &apos;OPEN&apos; at zone default
	at com.experitest.client.JavaClientInternals.executeInternally(JavaClientInternals.java:249)
	at com.experitest.client.Client.execute(Client.java:247)
	at com.experitest.client.ExecutionClient.execute(ExecutionClient.java:184)
	at com.experitest.client.Client.click(Client.java:476)
	at com.experitest.client.ClientWrapper.click(ClientWrapper.java:195)
	at com.myTests.AppStoreDownload.test(AppStoreDownload.java:39)
	at java.util.concurrent.ThreadPoolExecutor.runWorker(ThreadPoolExecutor.java:1149)
	at java.util.concurrent.ThreadPoolExecutor$Worker.run(ThreadPoolExecutor.java:624)
	at java.lang.Thread.run(Thread.java:748)
... Removed 10 stack frames</div></td></tr></table><p class="totop"><a href="#summary">back to summary</a></p><h3 id="m4">com.myTests.MyApplicationGame#tearDown</h3><table class="result"></table><p class="totop"><a href="#summary">back to summary</a></p><h3 id="m5">com.myTests.MyApplicationLogin#tearDown</h3><table class="result"></table><p class="totop"><a href="#summary">back to summary</a></p><h3 id="m6">com.myTests.WebTestLinksWork#tearDown</h3><table class="result"></table><p class="totop"><a href="#summary">back to summary</a></p><h3 id="m7">com.myTests.WebTestMenuExists#tearDown</h3><table class="result"></table><p class="totop"><a href="#summary">back to summary</a></p><h3 id="m8">com.myTests.MyApplicationGame#test2</h3><table class="result"></table><p class="totop"><a href="#summary">back to summary</a></p><h3 id="m9">com.myTests.MyApplicationLogin#test</h3><table class="result"></table><p class="totop"><a href="#summary">back to summary</a></p><h3 id="m10">com.myTests.WebTestLinksWork#testWebTest2</h3><table class="result"></table><p class="totop"><a href="#summary">back to summary</a></p><h3 id="m11">com.myTests.WebTestMenuExists#testWebTest1</h3><table class="result"></table><p class="totop"><a href="#summary">back to summary</a></p><h3 id="m12">com.myTests.NativeTestLogin#LoginTest</h3><table class="result"></table><p class="totop"><a href="#summary">back to summary</a></p><h3 id="m13">com.myTests.NativeTestWorkFlow#OrderTest</h3><table class="result"></table><p class="totop"><a href="#summary">back to summary</a></p></body></html>