<?xml version="1.0" encoding="UTF-8"?>
<!-- Generated by org.testng.reporters.JUnitReportReporter -->
<testsuite hostname="idoshoshani-lt" name="com.myTests.WebTestMenuExists" tests="1" failures="0" timestamp="28 Nov 2017 18:03:35 GMT" time="0.001" errors="1">
  <testcase name="testWebTest1" time="0.001" classname="com.myTests.WebTestMenuExists">
    <error type="com.experitest.client.InternalException" message="Exception caught while executing click: Element was not identified: &#039;xpath=//div[@class=&quot;nav-menu__hamburger&quot;]&#039; at zone WEB">
      <![CDATA[com.experitest.client.InternalException: Exception caught while executing click: Element was not identified: 'xpath=//div[@class="nav-menu__hamburger"]' at zone WEB
	at com.experitest.client.JavaClientInternals.executeInternally(JavaClientInternals.java:249)
	at com.experitest.client.Client.execute(Client.java:247)
	at com.experitest.client.ExecutionClient.execute(ExecutionClient.java:184)
	at com.experitest.client.Client.click(Client.java:476)
	at com.experitest.client.ClientWrapper.click(ClientWrapper.java:195)
	at com.myTests.WebTest1.setUp(WebTest1.java:66)
	at sun.reflect.NativeMethodAccessorImpl.invoke0(Native Method)
	at sun.reflect.NativeMethodAccessorImpl.invoke(NativeMethodAccessorImpl.java:62)
	at sun.reflect.DelegatingMethodAccessorImpl.invoke(DelegatingMethodAccessorImpl.java:43)
	at java.lang.reflect.Method.invoke(Method.java:498)
	at org.testng.internal.MethodInvocationHelper.invokeMethod(MethodInvocationHelper.java:85)
	at org.testng.internal.Invoker.invokeConfigurationMethod(Invoker.java:510)
	at org.testng.internal.Invoker.invokeConfigurations(Invoker.java:211)
	at org.testng.internal.Invoker.invokeMethod(Invoker.java:585)
	at org.testng.internal.Invoker.invokeTestMethod(Invoker.java:816)
	at org.testng.internal.Invoker.invokeTestMethods(Invoker.java:1124)
	at org.testng.internal.TestMethodWorker.invokeTestMethods(TestMethodWorker.java:125)
	at org.testng.internal.TestMethodWorker.run(TestMethodWorker.java:108)
	at java.util.concurrent.ThreadPoolExecutor.runWorker(ThreadPoolExecutor.java:1149)
	at java.util.concurrent.ThreadPoolExecutor$Worker.run(ThreadPoolExecutor.java:624)
	at java.lang.Thread.run(Thread.java:748)
]]>
    </error>
  </testcase> <!-- testWebTest1 -->
</testsuite> <!-- com.myTests.WebTestMenuExists -->
